<?xml version="1.0" encoding="UTF-8"?>
<testng-results skipped="0" failed="0" ignored="0" total="1" passed="1">
  <reporter-output>
  </reporter-output>
  <suite name="Default suite" duration-ms="10645" started-at="2021-04-06T23:59:21 CEST" finished-at="2021-04-06T23:59:32 CEST">
    <groups>
    </groups>
    <test name="Default test" duration-ms="10645" started-at="2021-04-06T23:59:21 CEST" finished-at="2021-04-06T23:59:32 CEST">
      <class name="tests.DynamicPropertiesTest">
        <test-method status="PASS" signature="setUp()[pri:0, instance:tests.DynamicPropertiesTest@305fd85d]" name="setUp" is-config="true" duration-ms="3540" started-at="2021-04-06T23:59:21 CEST" finished-at="2021-04-06T23:59:25 CEST">
          <reporter-output>
          </reporter-output>
        </test-method> <!-- setUp -->
        <test-method status="PASS" signature="changeOfColor()[pri:0, instance:tests.DynamicPropertiesTest@305fd85d]" name="changeOfColor" duration-ms="6901" started-at="2021-04-06T23:59:25 CEST" finished-at="2021-04-06T23:59:32 CEST">
          <reporter-output>
          </reporter-output>
        </test-method> <!-- changeOfColor -->
        <test-method status="PASS" signature="closeAplication()[pri:0, instance:tests.DynamicPropertiesTest@305fd85d]" name="closeAplication" is-config="true" duration-ms="169" started-at="2021-04-06T23:59:32 CEST" finished-at="2021-04-06T23:59:32 CEST">
          <reporter-output>
          </reporter-output>
        </test-method> <!-- closeAplication -->
      </class> <!-- tests.DynamicPropertiesTest -->
    </test> <!-- Default test -->
  </suite> <!-- Default suite -->
</testng-results>
